f:\杨海涛_luaide\cutelua\decoda\luainject\debug\vc140.pdb
f:\杨海涛_luaide\cutelua\decoda\luainject\debug\vc140.idb
f:\杨海涛_luaide\cutelua\decoda\luainject\debug\cocosdll.obj
f:\杨海涛_luaide\cutelua\decoda\luainject\debug\debugbackend.obj
f:\杨海涛_luaide\cutelua\decoda\luainject\debug\debughelp.obj
f:\杨海涛_luaide\cutelua\decoda\luainject\debug\hook.obj
f:\杨海涛_luaide\cutelua\decoda\luainject\debug\luacheckstack.obj
f:\杨海涛_luaide\cutelua\decoda\luainject\debug\luadll.obj
f:\杨海涛_luaide\cutelua\decoda\luainject\debug\luaprofilerbackend.obj
f:\杨海涛_luaide\cutelua\decoda\luainject\debug\main.obj
f:\杨海涛_luaide\cutelua\decoda\luainject\debug\stdcall.obj
f:\杨海涛_luaide\cutelua\decoda\luainject\debug\xmlutility.obj
f:\杨海涛_luaide\bin\luainject.ilk
f:\杨海涛_luaide\bin\luainject.dll
f:\杨海涛_luaide\bin\luainject.pdb
f:\杨海涛_luaide\cutelua\debug\..\..\bin\luainject.pdb
f:\杨海涛_luaide\cutelua\debug\..\..\bin\luainject.dll
f:\杨海涛_luaide\cutelua\debug\..\..\bin\luainject.ilk
f:\杨海涛_luaide\cutelua\decoda\luainject\debug\luainject.tlog\cl.command.1.tlog
f:\杨海涛_luaide\cutelua\decoda\luainject\debug\luainject.tlog\cl.read.1.tlog
f:\杨海涛_luaide\cutelua\decoda\luainject\debug\luainject.tlog\cl.write.1.tlog
f:\杨海涛_luaide\cutelua\decoda\luainject\debug\luainject.tlog\link.command.1.tlog
f:\杨海涛_luaide\cutelua\decoda\luainject\debug\luainject.tlog\link.read.1.tlog
f:\杨海涛_luaide\cutelua\decoda\luainject\debug\luainject.tlog\link.write.1.tlog
